============================= test session starts =============================
platform win32 -- Python 3.13.2, pytest-9.1.1, pluggy-1.6.0 -- C:\Python313\python.exe
cachedir: .pytest_cache
rootdir: C:\Users\Icezaza\Documents\GitHub\ThaiVtuberSNA
collecting ... collected 40 items

tests/test_continuous_collection.py::test_idempotent_persistence_no_appearance_inflation PASSED [  2%]
tests/test_continuous_collection.py::test_job_journal_atomic_claims_and_lifecycle PASSED [  5%]
tests/test_continuous_collection.py::test_job_journal_crash_recovery PASSED [  7%]
tests/test_continuous_collection.py::test_job_journal_privacy_guard PASSED [ 10%]
tests/test_continuous_collection.py::test_mixed_evidence_same_viewer_same_video PASSED [ 12%]
tests/test_continuous_collection.py::test_one_video_repetition_vs_two_distinct_videos_evidence PASSED [ 15%]
tests/test_continuous_collection.py::test_live_chat_adapter_memory_only_privacy PASSED [ 17%]
tests/test_continuous_collection.py::test_continuous_collector_bounded_cycle_execution PASSED [ 20%]
tests/test_continuous_collection.py::test_continuous_collector_missing_key_fails_closed PASSED [ 22%]
tests/test_continuous_collection.py::test_legacy_migration_to_deterministic_partitions PASSED [ 25%]
tests/test_evidence_separation.py::test_evidence_separation_and_strong_overlap PASSED [ 27%]
tests/test_evidence_separation.py::test_persistent_hmac_continuity_check PASSED [ 30%]
tests/test_milestone_regressions.py::test_environment_cannot_bypass_missing_key PASSED [ 32%]
tests/test_milestone_regressions.py::test_restart_continuity_and_no_force_rotation PASSED [ 35%]
tests/test_milestone_regressions.py::test_existing_fingerprint_prevents_reinitialization PASSED [ 37%]
tests/test_milestone_regressions.py::test_missing_key_precedes_network PASSED [ 40%]
tests/test_milestone_regressions.py::test_aggregation_separates_sources_and_counts_distinct_videos PASSED [ 42%]
tests/test_milestone_regressions.py::test_raw_aggregated_mixed_schema_and_source_writes_survive PASSED [ 45%]
tests/test_milestone_regressions.py::test_empty_database_summary PASSED  [ 47%]
tests/test_milestone_regressions.py::test_strong_definition_cannot_be_weakened[0] PASSED [ 50%]
tests/test_milestone_regressions.py::test_strong_definition_cannot_be_weakened[1] PASSED [ 52%]
tests/test_milestone_regressions.py::test_strong_definition_cannot_be_weakened[3] PASSED [ 55%]
tests/test_milestone_regressions.py::test_strong_definition_cannot_be_weakened[2 OR 1=1] PASSED [ 57%]
tests/test_milestone_regressions.py::test_missing_source_is_never_inferred[None] PASSED [ 60%]
tests/test_milestone_regressions.py::test_missing_source_is_never_inferred[] PASSED [ 62%]
tests/test_milestone_regressions.py::test_missing_source_is_never_inferred[unknown] PASSED [ 65%]
tests/test_milestone_regressions.py::test_corrupt_parquet_fails_closed PASSED [ 67%]
tests/test_milestone_regressions.py::test_audit_decodes_compressed_values_and_duckdb PASSED [ 70%]
tests/test_milestone_regressions.py::test_collector_to_disk_canary PASSED [ 72%]
tests/test_milestone_regressions.py::test_no_raw_replay_download PASSED  [ 75%]
tests/test_real_adapters.py::test_thai_vtuber_ranking_adapter PASSED     [ 77%]
tests/test_real_adapters.py::test_discovery_adapter_deduplication_and_provenance PASSED [ 80%]
tests/test_real_adapters.py::test_youtube_collector_output_schema_and_privacy PASSED [ 82%]
tests/test_sna_pipeline.py::test_privacy_hasher_consistency PASSED       [ 85%]
tests/test_sna_pipeline.py::test_privacy_hasher_different_salts PASSED   [ 87%]
tests/test_sna_pipeline.py::test_first_filter_thai_vtuber PASSED         [ 90%]
tests/test_sna_pipeline.py::test_subscriber_tiers_and_priority PASSED    [ 92%]
tests/test_sna_pipeline.py::test_schedulers_baseline_and_pso PASSED      [ 95%]
tests/test_sna_pipeline.py::test_overlap_mathematical_metrics PASSED     [ 97%]
tests/test_sna_pipeline.py::test_network_graph_bridge_and_communities PASSED [100%]

============================= 40 passed in 1.57s ==============================
